{"uuid":"05e7774f-02d6-4749-ae4a-de9d6c036a41","historyId":"73ece7e791830d6aa7a50fd377da47c8","fullName":"tests.ui.HomeTest.testHoverOnMenu","labels":[{"name":"package","value":"tests.ui.HomeTest"},{"name":"testClass","value":"tests.ui.HomeTest"},{"name":"testMethod","value":"testHoverOnMenu"},{"name":"parentSuite","value":"Default Suite"},{"name":"suite","value":"suitecrm-automation"},{"name":"subSuite","value":"tests.ui.HomeTest"},{"name":"host","value":"DESKTOP-MN7RAKM"},{"name":"thread","value":"31432@DESKTOP-MN7RAKM.main(1)"},{"name":"framework","value":"testng"},{"name":"language","value":"java"}],"links":[],"name":"Проверка наведения на меню","status":"skipped","statusDetails":{"known":false,"muted":false,"flaky":false,"message":"No frame found with id/name: #_yuiResizeMonitor\r\nScreenshot: file:/C:/Users/Username/IdeaProjects/suitecrm-automation/build/reports/tests/1740056462229.0.png\r\nPage source: file:/C:/Users/Username/IdeaProjects/suitecrm-automation/build/reports/tests/1740056462229.0.html\r\nTimeout: 5 s.\r\nCaused by: TimeoutException: Expected condition failed: waiting for frame to be available: #_yuiResizeMonitor (tried for 5 second(s) with 200 milliseconds interval)","trace":"No frame found with id/name: #_yuiResizeMonitor\r\nScreenshot: file:/C:/Users/Username/IdeaProjects/suitecrm-automation/build/reports/tests/1740056462229.0.png\r\nPage source: file:/C:/Users/Username/IdeaProjects/suitecrm-automation/build/reports/tests/1740056462229.0.html\r\nTimeout: 5 s.\r\nCaused by: TimeoutException: Expected condition failed: waiting for frame to be available: #_yuiResizeMonitor (tried for 5 second(s) with 200 milliseconds interval)\r\n\tat com.codeborne.selenide.SelenideTargetLocator.frameNotFoundError(SelenideTargetLocator.java:298)\r\n\tat com.codeborne.selenide.SelenideTargetLocator.lambda$frame$1(SelenideTargetLocator.java:113)\r\n\tat com.codeborne.selenide.logevents.SelenideLogger.wrap(SelenideLogger.java:128)\r\n\tat com.codeborne.selenide.logevents.SelenideLogger.get(SelenideLogger.java:106)\r\n\tat com.codeborne.selenide.SelenideTargetLocator.frame(SelenideTargetLocator.java:108)\r\n\tat com.codeborne.selenide.SelenideTargetLocator.frame(SelenideTargetLocator.java:75)\r\n\tat pages.BasePage.switchToIframeByWebElement(BasePage.java:105)\r\n\tat pages.HomePage.switchToHomePageIframe(HomePage.java:210)\r\n\tat tests.ui.HomeTest.switchToHomePageIframe(HomeTest.java:41)\r\n\tat tests.ui.HomeTest.initializeHomePage(HomeTest.java:35)\r\n\tat tests.ui.HomeTest.setUp(HomeTest.java:27)\r\n\tat java.base/jdk.internal.reflect.NativeMethodAccessorImpl.invoke0(Native Method)\r\n\tat java.base/jdk.internal.reflect.NativeMethodAccessorImpl.invoke(NativeMethodAccessorImpl.java:77)\r\n\tat java.base/jdk.internal.reflect.DelegatingMethodAccessorImpl.invoke(DelegatingMethodAccessorImpl.java:43)\r\n\tat java.base/java.lang.reflect.Method.invoke(Method.java:568)\r\n\tat org.testng.internal.invokers.MethodInvocationHelper.invokeMethod(MethodInvocationHelper.java:141)\r\n\tat org.testng.internal.invokers.MethodInvocationHelper.invokeMethodConsideringTimeout(MethodInvocationHelper.java:71)\r\n\tat org.testng.internal.invokers.ConfigInvoker.invokeConfigurationMethod(ConfigInvoker.java:400)\r\n\tat org.testng.internal.invokers.ConfigInvoker.invokeConfigurations(ConfigInvoker.java:333)\r\n\tat org.testng.internal.invokers.TestInvoker.runConfigMethods(TestInvoker.java:836)\r\n\tat org.testng.internal.invokers.TestInvoker.invokeMethod(TestInvoker.java:601)\r\n\tat org.testng.internal.invokers.TestInvoker.invokeTestMethod(TestInvoker.java:230)\r\n\tat org.testng.internal.invokers.MethodRunner.runInSequence(MethodRunner.java:63)\r\n\tat org.testng.internal.invokers.TestInvoker$MethodInvocationAgent.invoke(TestInvoker.java:995)\r\n\tat org.testng.internal.invokers.TestInvoker.invokeTestMethods(TestInvoker.java:203)\r\n\tat org.testng.internal.invokers.TestMethodWorker.invokeTestMethods(TestMethodWorker.java:154)\r\n\tat org.testng.internal.invokers.TestMethodWorker.run(TestMethodWorker.java:134)\r\n\tat java.base/java.util.ArrayList.forEach(ArrayList.java:1511)\r\n\tat org.testng.TestRunner.privateRun(TestRunner.java:741)\r\n\tat org.testng.TestRunner.run(TestRunner.java:616)\r\n\tat org.testng.SuiteRunner.runTest(SuiteRunner.java:421)\r\n\tat org.testng.SuiteRunner.runSequentially(SuiteRunner.java:413)\r\n\tat org.testng.SuiteRunner.privateRun(SuiteRunner.java:373)\r\n\tat org.testng.SuiteRunner.run(SuiteRunner.java:312)\r\n\tat org.testng.SuiteRunnerWorker.runSuite(SuiteRunnerWorker.java:52)\r\n\tat org.testng.SuiteRunnerWorker.run(SuiteRunnerWorker.java:95)\r\n\tat org.testng.TestNG.runSuitesSequentially(TestNG.java:1274)\r\n\tat org.testng.TestNG.runSuitesLocally(TestNG.java:1208)\r\n\tat org.testng.TestNG.runSuites(TestNG.java:1112)\r\n\tat org.testng.TestNG.run(TestNG.java:1079)\r\n\tat com.intellij.rt.testng.IDEARemoteTestNG.run(IDEARemoteTestNG.java:65)\r\n\tat com.intellij.rt.testng.RemoteTestNGStarter.main(RemoteTestNGStarter.java:105)\r\nCaused by: org.openqa.selenium.TimeoutException: Expected condition failed: waiting for frame to be available: #_yuiResizeMonitor (tried for 5 second(s) with 200 milliseconds interval)\nBuild info: version: '4.28.1', revision: '73f5ad48a2'\nSystem info: os.name: 'Windows 10', os.arch: 'amd64', os.version: '10.0', java.version: '17'\nDriver info: driver.version: unknown\r\n\tat org.openqa.selenium.support.ui.FluentWait.timeoutException(FluentWait.java:265)\r\n\tat org.openqa.selenium.support.ui.FluentWait.until(FluentWait.java:228)\r\n\tat com.codeborne.selenide.SelenideTargetLocator.lambda$frame$1(SelenideTargetLocator.java:110)\r\n\t... 40 more\r\n"},"stage":"finished","steps":[],"attachments":[],"parameters":[],"start":1740056462484,"stop":1740056462485}