{"uuid":"7f6f12d7-b442-47c2-97c6-db8946fae5c3","historyId":"c74ed3a26db741321426e284acffe29b","fullName":"tests.ui.HomeTest.setUp","labels":[{"name":"package","value":"tests.ui.HomeTest"},{"name":"testClass","value":"tests.ui.HomeTest"},{"name":"testMethod","value":"setUp"},{"name":"parentSuite","value":"SuiteCRM Test Suite"},{"name":"suite","value":"UI_Tests_Firefox"},{"name":"subSuite","value":"tests.ui.HomeTest"},{"name":"host","value":"DESKTOP-MN7RAKM"},{"name":"thread","value":"20584@DESKTOP-MN7RAKM.TestNG-test-UI_Tests_Firefox-2(38)"},{"name":"framework","value":"testng"},{"name":"language","value":"java"},{"name":"AS_ID","value":"-1"}],"links":[],"name":"setUp","status":"failed","statusDetails":{"known":false,"muted":false,"flaky":false,"message":"No frame found with id/name: #_yuiResizeMonitor\r\nScreenshot: file:/C:/Users/Username/IdeaProjects/suitecrm-automation/build/reports/tests/1740207145961.1.png\r\nPage source: file:/C:/Users/Username/IdeaProjects/suitecrm-automation/build/reports/tests/1740207145961.1.html\r\nTimeout: 5 s.\r\nCaused by: TimeoutException: Expected condition failed: waiting for frame to be available: #_yuiResizeMonitor (tried for 5 second(s) with 200 milliseconds interval)","trace":"No frame found with id/name: #_yuiResizeMonitor\r\nScreenshot: file:/C:/Users/Username/IdeaProjects/suitecrm-automation/build/reports/tests/1740207145961.1.png\r\nPage source: file:/C:/Users/Username/IdeaProjects/suitecrm-automation/build/reports/tests/1740207145961.1.html\r\nTimeout: 5 s.\r\nCaused by: TimeoutException: Expected condition failed: waiting for frame to be available: #_yuiResizeMonitor (tried for 5 second(s) with 200 milliseconds interval)\r\n\tat com.codeborne.selenide.SelenideTargetLocator.frameNotFoundError(SelenideTargetLocator.java:298)\r\n\tat com.codeborne.selenide.SelenideTargetLocator.lambda$frame$1(SelenideTargetLocator.java:113)\r\n\tat com.codeborne.selenide.logevents.SelenideLogger.wrap(SelenideLogger.java:128)\r\n\tat com.codeborne.selenide.logevents.SelenideLogger.get(SelenideLogger.java:106)\r\n\tat com.codeborne.selenide.SelenideTargetLocator.frame(SelenideTargetLocator.java:108)\r\n\tat com.codeborne.selenide.SelenideTargetLocator.frame(SelenideTargetLocator.java:75)\r\n\tat pages.BasePage.switchToIframeByWebElement(BasePage.java:105)\r\n\tat pages.HomePage.switchToHomePageIframe(HomePage.java:210)\r\n\tat tests.ui.HomeTest.switchToHomePageIframe(HomeTest.java:41)\r\n\tat tests.ui.HomeTest.initializeHomePage(HomeTest.java:35)\r\n\tat tests.ui.HomeTest.setUp(HomeTest.java:27)\r\n\tat java.base/jdk.internal.reflect.NativeMethodAccessorImpl.invoke0(Native Method)\r\n\tat java.base/jdk.internal.reflect.NativeMethodAccessorImpl.invoke(NativeMethodAccessorImpl.java:77)\r\n\tat java.base/jdk.internal.reflect.DelegatingMethodAccessorImpl.invoke(DelegatingMethodAccessorImpl.java:43)\r\n\tat java.base/java.lang.reflect.Method.invoke(Method.java:568)\r\n\tat org.testng.internal.invokers.MethodInvocationHelper.invokeMethod(MethodInvocationHelper.java:141)\r\n\tat org.testng.internal.invokers.MethodInvocationHelper.invokeMethodConsideringTimeout(MethodInvocationHelper.java:71)\r\n\tat org.testng.internal.invokers.ConfigInvoker.invokeConfigurationMethod(ConfigInvoker.java:400)\r\n\tat org.testng.internal.invokers.ConfigInvoker.invokeConfigurations(ConfigInvoker.java:333)\r\n\tat org.testng.internal.invokers.TestInvoker.runConfigMethods(TestInvoker.java:836)\r\n\tat org.testng.internal.invokers.TestInvoker.invokeMethod(TestInvoker.java:601)\r\n\tat org.testng.internal.invokers.TestInvoker.invokeTestMethod(TestInvoker.java:230)\r\n\tat org.testng.internal.invokers.MethodRunner.runInSequence(MethodRunner.java:63)\r\n\tat org.testng.internal.invokers.TestInvoker$MethodInvocationAgent.invoke(TestInvoker.java:995)\r\n\tat org.testng.internal.invokers.TestInvoker.invokeTestMethods(TestInvoker.java:203)\r\n\tat org.testng.internal.invokers.TestMethodWorker.invokeTestMethods(TestMethodWorker.java:154)\r\n\tat org.testng.internal.invokers.TestMethodWorker.run(TestMethodWorker.java:134)\r\n\tat java.base/java.util.concurrent.Executors$RunnableAdapter.call(Executors.java:539)\r\n\tat java.base/java.util.concurrent.FutureTask.run$$$capture(FutureTask.java:264)\r\n\tat java.base/java.util.concurrent.FutureTask.run(FutureTask.java)\r\n\tat --- Async.Stack.Trace --- (captured by IntelliJ IDEA debugger)\r\n\tat java.base/java.util.concurrent.FutureTask.<init>(FutureTask.java:151)\r\n\tat org.testng.internal.thread.graph.TestNGFutureTask.<init>(TestNGFutureTask.java:15)\r\n\tat org.testng.internal.thread.graph.GraphOrchestrator.runNodes(GraphOrchestrator.java:58)\r\n\tat org.testng.internal.thread.graph.GraphOrchestrator.run(GraphOrchestrator.java:46)\r\n\tat org.testng.TestTaskExecutor.execute(TestTaskExecutor.java:69)\r\n\tat org.testng.TestRunner.privateRun(TestRunner.java:722)\r\n\tat org.testng.TestRunner.run(TestRunner.java:616)\r\n\tat org.testng.SuiteRunner.runTest(SuiteRunner.java:421)\r\n\tat org.testng.SuiteRunner$SuiteWorker.run(SuiteRunner.java:463)\r\n\tat org.testng.internal.thread.ThreadUtil.lambda$execute$0(ThreadUtil.java:64)\r\n\tat java.base/java.util.concurrent.FutureTask.run$$$capture(FutureTask.java:264)\r\n\tat java.base/java.util.concurrent.FutureTask.run(FutureTask.java)\r\n\tat --- Async.Stack.Trace --- (captured by IntelliJ IDEA debugger)\r\n\tat java.base/java.util.concurrent.FutureTask.<init>(FutureTask.java:132)\r\n\tat java.base/java.util.concurrent.AbstractExecutorService.newTaskFor(AbstractExecutorService.java:113)\r\n\tat java.base/java.util.concurrent.AbstractExecutorService.invokeAll(AbstractExecutorService.java:274)\r\n\tat org.testng.internal.thread.ThreadUtil.execute(ThreadUtil.java:70)\r\n\tat org.testng.SuiteRunner.runInParallelTestMode(SuiteRunner.java:442)\r\n\tat org.testng.SuiteRunner.privateRun(SuiteRunner.java:371)\r\n\tat org.testng.SuiteRunner.run(SuiteRunner.java:312)\r\n\tat org.testng.SuiteRunnerWorker.runSuite(SuiteRunnerWorker.java:52)\r\n\tat org.testng.SuiteRunnerWorker.run(SuiteRunnerWorker.java:95)\r\n\tat org.testng.TestNG.runSuitesSequentially(TestNG.java:1274)\r\n\tat org.testng.TestNG.runSuitesLocally(TestNG.java:1208)\r\n\tat org.testng.TestNG.runSuites(TestNG.java:1112)\r\n\tat org.testng.TestNG.run(TestNG.java:1079)\r\n\tat com.intellij.rt.testng.IDEARemoteTestNG.run(IDEARemoteTestNG.java:65)\r\n\tat com.intellij.rt.testng.RemoteTestNGStarter.main(RemoteTestNGStarter.java:105)\r\nCaused by: org.openqa.selenium.TimeoutException: Expected condition failed: waiting for frame to be available: #_yuiResizeMonitor (tried for 5 second(s) with 200 milliseconds interval)\nBuild info: version: '4.28.1', revision: '73f5ad48a2'\nSystem info: os.name: 'Windows 10', os.arch: 'amd64', os.version: '10.0', java.version: '17'\nDriver info: driver.version: unknown\r\n\tat org.openqa.selenium.support.ui.FluentWait.timeoutException(FluentWait.java:265)\r\n\tat org.openqa.selenium.support.ui.FluentWait.until(FluentWait.java:228)\r\n\tat com.codeborne.selenide.SelenideTargetLocator.lambda$frame$1(SelenideTargetLocator.java:110)\r\n\t... 57 more\r\n"},"stage":"finished","steps":[],"attachments":[],"parameters":[{"name":"browser","value":"firefox"}],"start":1740207146475,"stop":1740207146475}