<?xml version="1.0" encoding="UTF-8"?>
<!-- Generated by org.testng.reporters.JUnitReportReporter -->
<testsuite hostname="DESKTOP-MN7RAKM" failures="1" tests="2" name="runners.ChromeRunnerTest" time="17.798" errors="0" timestamp="2025-01-18T20:11:37 MSK" skipped="0">
  <testcase classname="runners.ChromeRunnerTest" name="runScenario" time="13.378">
    <failure message="Element not found {By.xpath: //iframe[contains(@src, &#039;legacy/index.php?module=Home&#039;)]}
Expected: visible
Screenshot: file:/C:/Users/Username/IdeaProjects/suitecrm-automation/build/reports/tests/1737220290295.0.png
Page source: file:/C:/Users/Username/IdeaProjects/suitecrm-automation/build/reports/tests/1737220290295.0.html
Timeout: 10 s.
Caused by: NoSuchElementException: no such element: Unable to locate element: {&quot;method&quot;:&quot;xpath&quot;,&quot;selector&quot;:&quot;//iframe[contains(@src, &#039;legacy/index.php?module=Home&#039;)]&quot;}" type="com.codeborne.selenide.ex.ElementNotFound">
      <![CDATA[Element not found {By.xpath: //iframe[contains(@src, 'legacy/index.php?module=Home')]}
Expected: visible
Screenshot: file:/C:/Users/Username/IdeaProjects/suitecrm-automation/build/reports/tests/1737220290295.0.png
Page source: file:/C:/Users/Username/IdeaProjects/suitecrm-automation/build/reports/tests/1737220290295.0.html
Timeout: 10 s.
Caused by: NoSuchElementException: no such element: Unable to locate element: {"method":"xpath","selector":"//iframe[contains(@src, 'legacy/index.php?module=Home')]"}
at com.codeborne.selenide.impl.WebElementSource.createElementNotFoundError(WebElementSource.java:68)
at com.codeborne.selenide.impl.ElementFinder.createElementNotFoundError(ElementFinder.java:117)
at com.codeborne.selenide.impl.WebElementSource.handleError(WebElementSource.java:119)
at com.codeborne.selenide.impl.WebElementSource.checkConditionAndReturnElement(WebElementSource.java:102)
at com.codeborne.selenide.impl.WebElementSource.checkCondition(WebElementSource.java:78)
at com.codeborne.selenide.commands.Should.execute(Should.java:24)
at com.codeborne.selenide.FluentCommand.execute(FluentCommand.java:27)
at com.codeborne.selenide.FluentCommand.execute(FluentCommand.java:19)
at com.codeborne.selenide.commands.Commands.execute(Commands.java:160)
at com.codeborne.selenide.impl.SelenideElementProxy.dispatchAndRetry(SelenideElementProxy.java:131)
at com.codeborne.selenide.impl.SelenideElementProxy.invoke(SelenideElementProxy.java:83)
at jdk.proxy2/jdk.proxy2.$Proxy35.shouldBe(Unknown Source)
at pages.BasePage.switchToIframeWithWait(BasePage.java:124)
at pages.HomePage.switchToHomePageIframe(HomePage.java:215)
at steps.ui.HomeSteps.iAmOnTheHomePage(HomeSteps.java:32)
at âœ½.I am on the Home page(file:///C:/Users/Username/IdeaProjects/suitecrm-automation/src/test/resources/features/ui/Home.feature:7)
Caused by: org.openqa.selenium.NoSuchElementException: no such element: Unable to locate element: {"method":"xpath","selector":"//iframe[contains(@src, 'legacy/index.php?module=Home')]"}
  (Session info: chrome=131.0.6778.265)
For documentation on this error, please visit: https://www.selenium.dev/documentation/webdriver/troubleshooting/errors#no-such-element-exception
Build info: version: '4.27.0', revision: 'd6e718d134'
System info: os.name: 'Windows 10', os.arch: 'amd64', os.version: '10.0', java.version: '21.0.5'
Driver info: org.openqa.selenium.chrome.ChromeDriver
Command: [8dcc49862dd298d86868c04366d452c8, findElement {using=xpath, value=//iframe[contains(@src, 'legacy/index.php?module=Home')]}]
Capabilities {acceptInsecureCerts: true, browserName: chrome, browserVersion: 131.0.6778.265, chrome: {chromedriverVersion: 131.0.6778.264 (2d05e315153..., userDataDir: C:\Users\Username\AppData\L...}, fedcm:accounts: true, goog:chromeOptions: {debuggerAddress: localhost:60846}, networkConnectionEnabled: false, pageLoadStrategy: normal, platformName: windows, proxy: Proxy(), se:cdp: ws://localhost:60846/devtoo..., se:cdpVersion: 131.0.6778.265, setWindowRect: true, strictFileInteractability: false, timeouts: {implicit: 0, pageLoad: 300000, script: 30000}, unhandledPromptBehavior: accept, webauthn:extension:credBlob: true, webauthn:extension:largeBlob: true, webauthn:extension:minPinLength: true, webauthn:extension:prf: true, webauthn:virtualAuthenticators: true}
Session ID: 8dcc49862dd298d86868c04366d452c8
at java.base/jdk.internal.reflect.DirectConstructorHandleAccessor.newInstance(DirectConstructorHandleAccessor.java:62)
at java.base/java.lang.reflect.Constructor.newInstanceWithCaller(Constructor.java:502)
at java.base/java.lang.reflect.Constructor.newInstance(Constructor.java:486)
at org.openqa.selenium.remote.ErrorCodec.decode(ErrorCodec.java:167)
at org.openqa.selenium.remote.codec.w3c.W3CHttpResponseCodec.decode(W3CHttpResponseCodec.java:138)
at org.openqa.selenium.remote.codec.w3c.W3CHttpResponseCodec.decode(W3CHttpResponseCodec.java:50)
at org.openqa.selenium.remote.HttpCommandExecutor.execute(HttpCommandExecutor.java:190)
at org.openqa.selenium.remote.service.DriverCommandExecutor.invokeExecute(DriverCommandExecutor.java:216)
at org.openqa.selenium.remote.service.DriverCommandExecutor.execute(DriverCommandExecutor.java:174)
at org.openqa.selenium.remote.RemoteWebDriver.execute(RemoteWebDriver.java:545)
at org.openqa.selenium.remote.ElementLocation$ElementFinder$2.findElement(ElementLocation.java:165)
at org.openqa.selenium.remote.ElementLocation.findElement(ElementLocation.java:59)
at org.openqa.selenium.remote.RemoteWebDriver.findElement(RemoteWebDriver.java:368)
at org.openqa.selenium.remote.RemoteWebDriver.findElement(RemoteWebDriver.java:362)
at com.codeborne.selenide.impl.WebElementSelector.findElement(WebElementSelector.java:64)
at com.codeborne.selenide.impl.WebElementSelector.findElement(WebElementSelector.java:39)
at com.codeborne.selenide.impl.WebElementSelector.findElement(WebElementSelector.java:30)
at com.codeborne.selenide.impl.ElementFinder.getWebElement(ElementFinder.java:101)
at com.codeborne.selenide.impl.WebElementSource.checkConditionAndReturnElement(WebElementSource.java:91)
at com.codeborne.selenide.impl.WebElementSource.checkCondition(WebElementSource.java:78)
at com.codeborne.selenide.commands.Should.execute(Should.java:24)
at com.codeborne.selenide.FluentCommand.execute(FluentCommand.java:27)
at com.codeborne.selenide.FluentCommand.execute(FluentCommand.java:19)
at com.codeborne.selenide.commands.Commands.execute(Commands.java:160)
at com.codeborne.selenide.impl.SelenideElementProxy.dispatchAndRetry(SelenideElementProxy.java:131)
at com.codeborne.selenide.impl.SelenideElementProxy.invoke(SelenideElementProxy.java:83)
at jdk.proxy2/jdk.proxy2.$Proxy35.shouldBe(Unknown Source)
at pages.BasePage.switchToIframeWithWait(BasePage.java:124)
at pages.HomePage.switchToHomePageIframe(HomePage.java:215)
at steps.ui.HomeSteps.iAmOnTheHomePage(HomeSteps.java:32)
at java.base/jdk.internal.reflect.DirectMethodHandleAccessor.invoke(DirectMethodHandleAccessor.java:103)
at java.base/java.lang.reflect.Method.invoke(Method.java:580)
at io.cucumber.java.Invoker.doInvoke(Invoker.java:66)
at io.cucumber.java.Invoker.invoke(Invoker.java:24)
at io.cucumber.java.AbstractGlueDefinition.invokeMethod(AbstractGlueDefinition.java:47)
at io.cucumber.java.JavaStepDefinition.execute(JavaStepDefinition.java:29)
at io.cucumber.core.runner.CoreStepDefinition.execute(CoreStepDefinition.java:66)
at io.cucumber.core.runner.PickleStepDefinitionMatch.runStep(PickleStepDefinitionMatch.java:62)
at io.cucumber.core.runner.ExecutionMode$1.execute(ExecutionMode.java:10)
at io.cucumber.core.runner.TestStep.executeStep(TestStep.java:81)
at io.cucumber.core.runner.TestStep.run(TestStep.java:53)
at io.cucumber.core.runner.PickleStepTestStep.run(PickleStepTestStep.java:51)
at io.cucumber.core.runner.TestCase.run(TestCase.java:84)
at io.cucumber.core.runner.Runner.runPickle(Runner.java:75)
at io.cucumber.testng.TestNGCucumberRunner.lambda$runScenario$1(TestNGCucumberRunner.java:135)
at io.cucumber.core.runtime.CucumberExecutionContext.lambda$runTestCase$5(CucumberExecutionContext.java:136)
at io.cucumber.core.runtime.RethrowingThrowableCollector.executeAndThrow(RethrowingThrowableCollector.java:23)
at io.cucumber.core.runtime.CucumberExecutionContext.runTestCase(CucumberExecutionContext.java:136)
at io.cucumber.testng.TestNGCucumberRunner.runScenario(TestNGCucumberRunner.java:132)
at io.cucumber.testng.AbstractTestNGCucumberTests.runScenario(AbstractTestNGCucumberTests.java:35)
at java.base/jdk.internal.reflect.DirectMethodHandleAccessor.invoke(DirectMethodHandleAccessor.java:103)
at java.base/java.lang.reflect.Method.invoke(Method.java:580)
at org.testng.internal.invokers.MethodInvocationHelper.invokeMethod(MethodInvocationHelper.java:141)
at org.testng.internal.invokers.TestInvoker.invokeMethod(TestInvoker.java:686)
at org.testng.internal.invokers.TestInvoker.invokeTestMethod(TestInvoker.java:230)
at org.testng.internal.invokers.MethodRunner.runInSequence(MethodRunner.java:63)
at org.testng.internal.invokers.TestInvoker$MethodInvocationAgent.invoke(TestInvoker.java:992)
at org.testng.internal.invokers.TestInvoker.invokeTestMethods(TestInvoker.java:203)
at org.testng.internal.invokers.TestMethodWorker.invokeTestMethods(TestMethodWorker.java:154)
at org.testng.internal.invokers.TestMethodWorker.run(TestMethodWorker.java:134)
at java.base/java.util.concurrent.Executors$RunnableAdapter.call(Executors.java:572)
at java.base/java.util.concurrent.FutureTask.run(FutureTask.java:317)
at org.testng.internal.thread.graph.TestNGFutureTask.run(TestNGFutureTask.java:22)
at java.base/java.util.concurrent.ThreadPoolExecutor.runWorker(ThreadPoolExecutor.java:1144)
at java.base/java.util.concurrent.ThreadPoolExecutor$Worker.run(ThreadPoolExecutor.java:642)
at java.base/java.lang.Thread.run(Thread.java:1583)
]]>
    </failure>
  </testcase> <!-- runScenario -->
  <testcase classname="runners.ChromeRunnerTest" name="runScenario" time="4.420"/>
</testsuite> <!-- runners.ChromeRunnerTest -->
