<?xml version="1.0" encoding="UTF-8"?>
<!-- Generated by org.testng.reporters.JUnitXMLReporter -->
<testsuite ignored="0" hostname="DESKTOP-MN7RAKM" failures="1" tests="2" name="Cucumber_Firefox" time="21.114" errors="0" timestamp="2025-01-18T20:11:37 MSK">
  <testcase classname="io.cucumber.testng.AbstractTestNGCucumberTests" name="runScenario" time="16.294">
    <failure type="com.codeborne.selenide.ex.ElementNotFound" message="Element not found {By.xpath: //iframe[contains(@src, &amp;apos;legacy/index.php?module=Home&amp;apos;)]}
Expected: visible
Screenshot: file:/C:/Users/Username/IdeaProjects/suitecrm-automation/build/reports/tests/1737220292283.1.png
Page source: file:/C:/Users/Username/IdeaProjects/suitecrm-automation/build/reports/tests/1737220292283.1.html
Timeout: 10 s.
Caused by: NoSuchElementException: Unable to locate element: //iframe[contains(@src, &amp;apos;legacy/index.php?module=Home&amp;apos;)]">
      <![CDATA[Element not found {By.xpath: //iframe[contains(@src, 'legacy/index.php?module=Home')]}
Expected: visible
Screenshot: file:/C:/Users/Username/IdeaProjects/suitecrm-automation/build/reports/tests/1737220292283.1.png
Page source: file:/C:/Users/Username/IdeaProjects/suitecrm-automation/build/reports/tests/1737220292283.1.html
Timeout: 10 s.
Caused by: NoSuchElementException: Unable to locate element: //iframe[contains(@src, 'legacy/index.php?module=Home')]
at com.codeborne.selenide.impl.WebElementSource.createElementNotFoundError(WebElementSource.java:68)
at com.codeborne.selenide.impl.ElementFinder.createElementNotFoundError(ElementFinder.java:117)
at com.codeborne.selenide.impl.WebElementSource.handleError(WebElementSource.java:119)
at com.codeborne.selenide.impl.WebElementSource.checkConditionAndReturnElement(WebElementSource.java:102)
at com.codeborne.selenide.impl.WebElementSource.checkCondition(WebElementSource.java:78)
at com.codeborne.selenide.commands.Should.execute(Should.java:24)
at com.codeborne.selenide.FluentCommand.execute(FluentCommand.java:27)
at com.codeborne.selenide.FluentCommand.execute(FluentCommand.java:19)
at com.codeborne.selenide.commands.Commands.execute(Commands.java:160)
at com.codeborne.selenide.impl.SelenideElementProxy.dispatchAndRetry(SelenideElementProxy.java:131)
at com.codeborne.selenide.impl.SelenideElementProxy.invoke(SelenideElementProxy.java:83)
at jdk.proxy2/jdk.proxy2.$Proxy35.shouldBe(Unknown Source)
at pages.BasePage.switchToIframeWithWait(BasePage.java:124)
at pages.HomePage.switchToHomePageIframe(HomePage.java:215)
at steps.ui.HomeSteps.iAmOnTheHomePage(HomeSteps.java:32)
at âœ½.I am on the Home page(file:///C:/Users/Username/IdeaProjects/suitecrm-automation/src/test/resources/features/ui/Home.feature:7)
Caused by: org.openqa.selenium.NoSuchElementException: Unable to locate element: //iframe[contains(@src, 'legacy/index.php?module=Home')]
For documentation on this error, please visit: https://www.selenium.dev/documentation/webdriver/troubleshooting/errors#no-such-element-exception
Build info: version: '4.27.0', revision: 'd6e718d134'
System info: os.name: 'Windows 10', os.arch: 'amd64', os.version: '10.0', java.version: '21.0.5'
Driver info: org.openqa.selenium.firefox.FirefoxDriver
Command: [cb8d0756-ef4b-48fd-9e92-c7d17eac2e23, findElement {using=xpath, value=//iframe[contains(@src, 'legacy/index.php?module=Home')]}]
Capabilities {acceptInsecureCerts: true, browserName: firefox, browserVersion: 130.0, moz:accessibilityChecks: false, moz:buildID: 20240829075237, moz:debuggerAddress: 127.0.0.1:7683, moz:geckodriverVersion: 0.35.0, moz:headless: false, moz:platformVersion: 10.0, moz:processID: 48564, moz:profile: C:\Users\Username\AppData\L..., moz:shutdownTimeout: 60000, moz:webdriverClick: true, moz:windowless: false, pageLoadStrategy: normal, platformName: windows, proxy: Proxy(), se:cdp: ws://127.0.0.1:7683/devtool..., se:cdpVersion: 85.0, setWindowRect: true, strictFileInteractability: false, timeouts: {implicit: 0, pageLoad: 300000, script: 30000}, unhandledPromptBehavior: accept, userAgent: Mozilla/5.0 (Windows NT 10....}
Session ID: cb8d0756-ef4b-48fd-9e92-c7d17eac2e23
at org.openqa.selenium.remote.ErrorCodec.decode(ErrorCodec.java:167)
at org.openqa.selenium.remote.codec.w3c.W3CHttpResponseCodec.decode(W3CHttpResponseCodec.java:138)
at org.openqa.selenium.remote.codec.w3c.W3CHttpResponseCodec.decode(W3CHttpResponseCodec.java:50)
at org.openqa.selenium.remote.HttpCommandExecutor.execute(HttpCommandExecutor.java:190)
at org.openqa.selenium.remote.service.DriverCommandExecutor.invokeExecute(DriverCommandExecutor.java:216)
at org.openqa.selenium.remote.service.DriverCommandExecutor.execute(DriverCommandExecutor.java:174)
at org.openqa.selenium.remote.RemoteWebDriver.execute(RemoteWebDriver.java:545)
at org.openqa.selenium.remote.ElementLocation$ElementFinder$2.findElement(ElementLocation.java:165)
at org.openqa.selenium.remote.ElementLocation.findElement(ElementLocation.java:59)
at org.openqa.selenium.remote.RemoteWebDriver.findElement(RemoteWebDriver.java:368)
at org.openqa.selenium.remote.RemoteWebDriver.findElement(RemoteWebDriver.java:362)
at com.codeborne.selenide.impl.WebElementSelector.findElement(WebElementSelector.java:64)
at com.codeborne.selenide.impl.WebElementSelector.findElement(WebElementSelector.java:39)
at com.codeborne.selenide.impl.WebElementSelector.findElement(WebElementSelector.java:30)
at com.codeborne.selenide.impl.ElementFinder.getWebElement(ElementFinder.java:101)
at com.codeborne.selenide.impl.WebElementSource.checkConditionAndReturnElement(WebElementSource.java:91)
at com.codeborne.selenide.impl.WebElementSource.checkCondition(WebElementSource.java:78)
at com.codeborne.selenide.commands.Should.execute(Should.java:24)
at com.codeborne.selenide.FluentCommand.execute(FluentCommand.java:27)
at com.codeborne.selenide.FluentCommand.execute(FluentCommand.java:19)
at com.codeborne.selenide.commands.Commands.execute(Commands.java:160)
at com.codeborne.selenide.impl.SelenideElementProxy.dispatchAndRetry(SelenideElementProxy.java:131)
at com.codeborne.selenide.impl.SelenideElementProxy.invoke(SelenideElementProxy.java:83)
at jdk.proxy2/jdk.proxy2.$Proxy35.shouldBe(Unknown Source)
at pages.BasePage.switchToIframeWithWait(BasePage.java:124)
at pages.HomePage.switchToHomePageIframe(HomePage.java:215)
at steps.ui.HomeSteps.iAmOnTheHomePage(HomeSteps.java:32)
at io.cucumber.java.Invoker.doInvoke(Invoker.java:66)
at io.cucumber.java.Invoker.invoke(Invoker.java:24)
at io.cucumber.java.AbstractGlueDefinition.invokeMethod(AbstractGlueDefinition.java:47)
at io.cucumber.java.JavaStepDefinition.execute(JavaStepDefinition.java:29)
at io.cucumber.core.runner.CoreStepDefinition.execute(CoreStepDefinition.java:66)
at io.cucumber.core.runner.PickleStepDefinitionMatch.runStep(PickleStepDefinitionMatch.java:62)
at io.cucumber.core.runner.ExecutionMode$1.execute(ExecutionMode.java:10)
at io.cucumber.core.runner.TestStep.executeStep(TestStep.java:81)
at io.cucumber.core.runner.TestStep.run(TestStep.java:53)
at io.cucumber.core.runner.PickleStepTestStep.run(PickleStepTestStep.java:51)
at io.cucumber.core.runner.TestCase.run(TestCase.java:84)
at io.cucumber.core.runner.Runner.runPickle(Runner.java:75)
at io.cucumber.testng.TestNGCucumberRunner.lambda$runScenario$1(TestNGCucumberRunner.java:135)
at io.cucumber.core.runtime.CucumberExecutionContext.lambda$runTestCase$5(CucumberExecutionContext.java:136)
at io.cucumber.core.runtime.RethrowingThrowableCollector.executeAndThrow(RethrowingThrowableCollector.java:23)
at io.cucumber.core.runtime.CucumberExecutionContext.runTestCase(CucumberExecutionContext.java:136)
at io.cucumber.testng.TestNGCucumberRunner.runScenario(TestNGCucumberRunner.java:132)
at io.cucumber.testng.AbstractTestNGCucumberTests.runScenario(AbstractTestNGCucumberTests.java:35)
at java.base/java.util.concurrent.Executors$RunnableAdapter.call(Executors.java:572)
at java.base/java.util.concurrent.FutureTask.run(FutureTask.java:317)
at java.base/java.util.concurrent.ThreadPoolExecutor.runWorker(ThreadPoolExecutor.java:1144)
at java.base/java.util.concurrent.ThreadPoolExecutor$Worker.run(ThreadPoolExecutor.java:642)
at java.base/java.lang.Thread.run(Thread.java:1583)
... Removed 16 stack frames]]>
    </failure>
  </testcase> <!-- runScenario -->
  <testcase classname="io.cucumber.testng.AbstractTestNGCucumberTests" name="runScenario" time="4.016"/>
</testsuite> <!-- Cucumber_Firefox -->
